<?xml version="1.0" encoding="UTF-8"?>
<!-- Generated by org.testng.reporters.JUnitReportReporter -->
<testsuite skipped="0" hostname="Rahul07" name="com.walletHub.Registration.Assignment_2.RegistrationOnWalletHub" tests="1" failures="0" timestamp="12 Jun 2018 12:35:52 GMT" time="5.394" errors="0">
  <testcase name="Register" time="5.394" classname="com.walletHub.Registration.Assignment_2.RegistrationOnWalletHub"/>
</testsuite> <!-- com.walletHub.Registration.Assignment_2.RegistrationOnWalletHub -->
