<?xml version="1.0" encoding="UTF-8"?>
<!-- Generated by org.testng.reporters.JUnitReportReporter -->
<testsuite skipped="0" hostname="Rahul07" name="com.walletHub.Facebook_Assignment_1.FacebookLoginTest" tests="1" failures="0" timestamp="12 Jun 2018 12:35:52 GMT" time="30.635" errors="0">
  <testcase name="VerifyLoginCredential" time="30.635" classname="com.walletHub.Facebook_Assignment_1.FacebookLoginTest"/>
</testsuite> <!-- com.walletHub.Facebook_Assignment_1.FacebookLoginTest -->
