<?xml version="1.0" encoding="UTF-8"?>
<!-- Generated by org.testng.reporters.JUnitReportReporter -->
<testsuite skipped="0" hostname="Rahul07" name="com.walletHub.Registration.Assignment_2.Test_Insurance_Company" tests="3" failures="0" timestamp="12 Jun 2018 12:35:52 GMT" time="37.542" errors="0">
  <testcase name="test_Insurance_company" time="15.348" classname="com.walletHub.Registration.Assignment_2.Test_Insurance_Company"/>
  <testcase name="SubmitRating" time="12.442" classname="com.walletHub.Registration.Assignment_2.Test_Insurance_Company"/>
  <testcase name="Login" time="9.752" classname="com.walletHub.Registration.Assignment_2.Test_Insurance_Company"/>
</testsuite> <!-- com.walletHub.Registration.Assignment_2.Test_Insurance_Company -->
