<?xml version="1.0" encoding="UTF-8"?>
<!-- Generated by org.testng.reporters.JUnitReportReporter -->
<testsuite skipped="0" hostname="Rahul07" name="com.walletHub.Registration.Assignment_2.Registration" tests="1" failures="0" timestamp="12 Jun 2018 10:26:32 GMT" time="4.679" errors="0">
  <testcase name="Register" time="4.679" classname="com.walletHub.Registration.Assignment_2.Registration"/>
</testsuite> <!-- com.walletHub.Registration.Assignment_2.Registration -->
